   0.000000000      -7.243258703    
   0.000000000       4.918674195    
     
  0.7700972896      -7.243258703    
  0.7700972896       4.918674195    
     
   1.155145934      -7.243258703    
   1.155145934       4.918674195    
     
   1.427416442      -7.243258703    
   1.427416442       4.918674195    
     
   2.244227966      -7.243258703    
   2.244227966       4.918674195    
     
   2.911151782      -7.243258703    
   2.911151782       4.918674195    
     
   3.382738135      -7.243258703    
   3.382738135       4.918674195    
     
   3.655008643      -7.243258703    
   3.655008643       4.918674195    
     
   4.199549658      -7.243258703    
   4.199549658       4.918674195    
     
   4.671136011      -7.243258703    
   4.671136011       4.918674195    
     
