 -0.5000000000       0.000000000    
 -0.4980000000       0.000000000    
 -0.4960000000       0.000000000    
 -0.4940000000       0.000000000    
 -0.4920000000       0.000000000    
 -0.4900000000       0.000000000    
 -0.4880000000       0.000000000    
 -0.4860000000       0.000000000    
 -0.4840000000       0.000000000    
 -0.4820000000       0.000000000    
 -0.4800000000       0.000000000    
 -0.4780000000       0.000000000    
 -0.4760000000       0.000000000    
 -0.4740000000       0.000000000    
 -0.4720000000       0.000000000    
 -0.4700000000       0.000000000    
 -0.4680000000       0.000000000    
 -0.4660000000       0.000000000    
 -0.4640000000       0.000000000    
 -0.4620000000       0.000000000    
 -0.4600000000       0.000000000    
 -0.4580000000       0.000000000    
 -0.4560000000       0.000000000    
 -0.4540000000       0.000000000    
 -0.4520000000       0.000000000    
 -0.4500000000       0.000000000    
 -0.4480000000       0.000000000    
 -0.4460000000       0.000000000    
 -0.4440000000       0.000000000    
 -0.4420000000       0.000000000    
 -0.4400000000       0.000000000    
 -0.4380000000       0.000000000    
 -0.4360000000       0.000000000    
 -0.4340000000       0.000000000    
 -0.4320000000       0.000000000    
 -0.4300000000       0.000000000    
 -0.4280000000       0.000000000    
 -0.4260000000       0.000000000    
 -0.4240000000       0.000000000    
 -0.4220000000       0.000000000    
 -0.4200000000       0.000000000    
 -0.4180000000       0.000000000    
 -0.4160000000       0.000000000    
 -0.4140000000       0.000000000    
 -0.4120000000       0.000000000    
 -0.4100000000       0.000000000    
 -0.4080000000       0.000000000    
 -0.4060000000       0.000000000    
 -0.4040000000       0.000000000    
 -0.4020000000       0.000000000    
 -0.4000000000       0.000000000    
 -0.3980000000       0.000000000    
 -0.3960000000       0.000000000    
 -0.3940000000       0.000000000    
 -0.3920000000       0.000000000    
 -0.3900000000       0.000000000    
 -0.3880000000       0.000000000    
 -0.3860000000       0.000000000    
 -0.3840000000       0.000000000    
 -0.3820000000       0.000000000    
 -0.3800000000       0.000000000    
 -0.3780000000       0.000000000    
 -0.3760000000       0.000000000    
 -0.3740000000       0.000000000    
 -0.3720000000       0.000000000    
 -0.3700000000       0.000000000    
 -0.3680000000       0.000000000    
 -0.3660000000       0.000000000    
 -0.3640000000       0.000000000    
 -0.3620000000       0.000000000    
 -0.3600000000       0.000000000    
 -0.3580000000       0.000000000    
 -0.3560000000       0.000000000    
 -0.3540000000       0.000000000    
 -0.3520000000       0.000000000    
 -0.3500000000       0.000000000    
 -0.3480000000       0.000000000    
 -0.3460000000       0.000000000    
 -0.3440000000       0.000000000    
 -0.3420000000       0.000000000    
 -0.3400000000       0.000000000    
 -0.3380000000       0.000000000    
 -0.3360000000       0.000000000    
 -0.3340000000       0.000000000    
 -0.3320000000       0.000000000    
 -0.3300000000       0.000000000    
 -0.3280000000       0.000000000    
 -0.3260000000       0.000000000    
 -0.3240000000       0.000000000    
 -0.3220000000       0.000000000    
 -0.3200000000       0.000000000    
 -0.3180000000       0.000000000    
 -0.3160000000       0.000000000    
 -0.3140000000       0.000000000    
 -0.3120000000       0.000000000    
 -0.3100000000       0.000000000    
 -0.3080000000       0.000000000    
 -0.3060000000       0.000000000    
 -0.3040000000       0.000000000    
 -0.3020000000       0.000000000    
 -0.3000000000       0.000000000    
 -0.2980000000       0.000000000    
 -0.2960000000      0.5666666667E-01
 -0.2940000000      0.8296666667    
 -0.2920000000       2.881333333    
 -0.2900000000       4.903333333    
 -0.2880000000       6.987000000    
 -0.2860000000       8.598000000    
 -0.2840000000       11.20333333    
 -0.2820000000       13.24133333    
 -0.2800000000       15.11733333    
 -0.2780000000       16.36600000    
 -0.2760000000       18.43200000    
 -0.2740000000       20.57400000    
 -0.2720000000       23.74400000    
 -0.2700000000       27.07600000    
 -0.2680000000       31.86733333    
 -0.2660000000       38.66333333    
 -0.2640000000       46.66466667    
 -0.2620000000       53.82333333    
 -0.2600000000       60.92866667    
 -0.2580000000       75.60533333    
 -0.2560000000       82.68966667    
 -0.2540000000       80.89633333    
 -0.2520000000       65.25566667    
 -0.2500000000       51.86533333    
 -0.2480000000       40.22466667    
 -0.2460000000       30.15133333    
 -0.2440000000       22.00666667    
 -0.2420000000       16.37733333    
 -0.2400000000       12.19466667    
 -0.2380000000       9.459333333    
 -0.2360000000       7.800666667    
 -0.2340000000       7.056666667    
 -0.2320000000       7.292666667    
 -0.2300000000       10.04933333    
 -0.2280000000       17.61200000    
 -0.2260000000       29.97733333    
 -0.2240000000       39.65133333    
 -0.2220000000       44.20466667    
 -0.2200000000       44.14933333    
 -0.2180000000       45.55266667    
 -0.2160000000       47.90933333    
 -0.2140000000       50.29666667    
 -0.2120000000       52.71266667    
 -0.2100000000       56.33866667    
 -0.2080000000       61.36200000    
 -0.2060000000       70.19233333    
 -0.2040000000       112.2933333    
 -0.2020000000       143.9786667    
 -0.2000000000       156.5030000    
 -0.1980000000       127.9693333    
 -0.1960000000       103.7800000    
 -0.1940000000       90.80866667    
 -0.1920000000       81.64466667    
 -0.1900000000       74.56666667    
 -0.1880000000       69.11133333    
 -0.1860000000       64.57633333    
 -0.1840000000       61.24233333    
 -0.1820000000       57.44766667    
 -0.1800000000       53.40966667    
 -0.1780000000       47.78633333    
 -0.1760000000       41.15100000    
 -0.1740000000       34.33933333    
 -0.1720000000       28.25333333    
 -0.1700000000       24.24866667    
 -0.1680000000       21.08800000    
 -0.1660000000       18.95600000    
 -0.1640000000       17.02533333    
 -0.1620000000       15.08600000    
 -0.1600000000       13.18133333    
 -0.1580000000       11.42700000    
 -0.1560000000       10.00033333    
 -0.1540000000       9.049666667    
 -0.1520000000       7.888666667    
 -0.1500000000       6.726000000    
 -0.1480000000       5.180666667    
 -0.1460000000       3.918000000    
 -0.1440000000       3.137333333    
 -0.1420000000       2.059333333    
 -0.1400000000       1.148000000    
 -0.1380000000      0.1706666667    
 -0.1360000000      0.5333333333E-02
 -0.1340000000       0.000000000    
 -0.1320000000       0.000000000    
 -0.1300000000       0.000000000    
 -0.1280000000       0.000000000    
 -0.1260000000       0.000000000    
 -0.1240000000       0.000000000    
 -0.1220000000       0.000000000    
 -0.1200000000       0.000000000    
 -0.1180000000       0.000000000    
 -0.1160000000       0.000000000    
 -0.1140000000       0.000000000    
 -0.1120000000       0.000000000    
 -0.1100000000       0.000000000    
 -0.1080000000       0.000000000    
 -0.1060000000       0.000000000    
 -0.1040000000       0.000000000    
 -0.1020000000       0.000000000    
 -0.1000000000       0.000000000    
 -0.9800000000E-01   0.000000000    
 -0.9600000000E-01   0.000000000    
 -0.9400000000E-01   0.000000000    
 -0.9200000000E-01   0.000000000    
 -0.9000000000E-01   0.000000000    
 -0.8800000000E-01  0.3600000000E-01
 -0.8600000000E-01  0.2980000000    
 -0.8400000000E-01   1.170000000    
 -0.8200000000E-01   2.581000000    
 -0.8000000000E-01   4.363000000    
 -0.7800000000E-01   5.969000000    
 -0.7600000000E-01   7.104000000    
 -0.7400000000E-01   7.908000000    
 -0.7200000000E-01   8.948000000    
 -0.7000000000E-01   10.55000000    
 -0.6800000000E-01   12.30600000    
 -0.6600000000E-01   13.91200000    
 -0.6400000000E-01   15.11200000    
 -0.6200000000E-01   16.48000000    
 -0.6000000000E-01   17.94200000    
 -0.5800000000E-01   20.10400000    
 -0.5600000000E-01   22.40200000    
 -0.5400000000E-01   24.78000000    
 -0.5200000000E-01   27.10400000    
 -0.5000000000E-01   30.65966667    
 -0.4800000000E-01   36.65766667    
 -0.4600000000E-01   41.26100000    
 -0.4400000000E-01   44.69333333    
 -0.4200000000E-01   46.34466667    
 -0.4000000000E-01   49.33600000    
 -0.3800000000E-01   52.66600000    
 -0.3600000000E-01   57.05133333    
 -0.3400000000E-01   64.18400000    
 -0.3200000000E-01   71.38866667    
 -0.3000000000E-01   76.94133333    
 -0.2800000000E-01   79.84833333    
 -0.2600000000E-01   82.36166667    
 -0.2400000000E-01   84.31300000    
 -0.2200000000E-01   83.79133333    
 -0.2000000000E-01   82.15433333    
 -0.1800000000E-01   89.66366667    
 -0.1600000000E-01   126.7486667    
 -0.1400000000E-01   180.2743333    
 -0.1200000000E-01   218.1580000    
 -0.1000000000E-01   215.6713333    
 -0.8000000000E-02   203.2840000    
 -0.6000000000E-02   205.4076667    
 -0.4000000000E-02   210.2733333    
 -0.2000000000E-02   242.6230000    
   0.000000000       200.4340000    
  0.2000000000E-02   167.2853333    
  0.4000000000E-02   98.39600000    
  0.6000000000E-02   98.16033333    
  0.8000000000E-02   97.06500000    
  0.1000000000E-01   92.94200000    
  0.1200000000E-01   83.47733333    
  0.1400000000E-01   73.13000000    
  0.1600000000E-01   66.47400000    
  0.1800000000E-01   62.06000000    
  0.2000000000E-01   59.18066667    
  0.2200000000E-01   56.94333333    
  0.2400000000E-01   55.41000000    
  0.2600000000E-01   55.07000000    
  0.2800000000E-01   56.58800000    
  0.3000000000E-01   57.52733333    
  0.3200000000E-01   57.26000000    
  0.3400000000E-01   55.40333333    
  0.3600000000E-01   53.73800000    
  0.3800000000E-01   52.99066667    
  0.4000000000E-01   52.44600000    
  0.4200000000E-01   51.97666667    
  0.4400000000E-01   51.52266667    
  0.4600000000E-01   50.73133333    
  0.4800000000E-01   49.67866667    
  0.5000000000E-01   48.47000000    
  0.5200000000E-01   47.19233333    
  0.5400000000E-01   48.75033333    
  0.5600000000E-01   46.58433333    
  0.5800000000E-01   35.58000000    
  0.6000000000E-01   19.59733333    
  0.6200000000E-01   6.040666667    
  0.6400000000E-01   1.978000000    
  0.6600000000E-01  0.7846666667    
  0.6800000000E-01  0.8186666667    
  0.7000000000E-01  0.9633333333    
  0.7200000000E-01  0.9306666667    
  0.7400000000E-01   1.085333333    
  0.7600000000E-01   1.106000000    
  0.7800000000E-01   1.341333333    
  0.8000000000E-01   1.286666667    
  0.8200000000E-01   1.395333333    
  0.8400000000E-01   1.304000000    
  0.8600000000E-01   1.452666667    
  0.8800000000E-01   1.396666667    
  0.9000000000E-01   1.546666667    
  0.9200000000E-01   1.528000000    
  0.9400000000E-01   1.674666667    
  0.9600000000E-01   1.648666667    
  0.9800000000E-01   1.792666667    
  0.1000000000       1.774000000    
  0.1020000000       1.934666667    
  0.1040000000       1.936666667    
  0.1060000000       2.106666667    
  0.1080000000       2.120666667    
  0.1100000000       2.284666667    
  0.1120000000       2.292666667    
  0.1140000000       2.436666667    
  0.1160000000       2.446666667    
  0.1180000000       2.635333333    
  0.1200000000       2.678666667    
  0.1220000000       2.875333333    
  0.1240000000       2.958666667    
  0.1260000000       3.044666667    
  0.1280000000       3.124000000    
  0.1300000000       3.126000000    
  0.1320000000       3.360666667    
  0.1340000000       3.362666667    
  0.1360000000       3.616666667    
  0.1380000000       3.564000000    
  0.1400000000       3.828666667    
  0.1420000000       3.796666667    
  0.1440000000       4.112666667    
  0.1460000000       4.150000000    
  0.1480000000       4.436666667    
  0.1500000000       4.466666667    
  0.1520000000       4.595333333    
  0.1540000000       4.792666667    
  0.1560000000       4.880666667    
  0.1580000000       5.234666667    
  0.1600000000       5.283333333    
  0.1620000000       5.688666667    
  0.1640000000       5.849333333    
  0.1660000000       6.200666667    
  0.1680000000       6.252000000    
  0.1700000000       6.538666667    
  0.1720000000       6.610666667    
  0.1740000000       7.020666667    
  0.1760000000       7.285333333    
  0.1780000000       7.767333333    
  0.1800000000       8.126000000    
  0.1820000000       8.504000000    
  0.1840000000       9.067333333    
  0.1860000000       9.932000000    
  0.1880000000       10.77700000    
  0.1900000000       11.10766667    
  0.1920000000       10.81833333    
  0.1940000000       10.74366667    
  0.1960000000       10.79566667    
  0.1980000000       11.21300000    
  0.2000000000       11.19800000    
  0.2020000000       11.47600000    
  0.2040000000       11.54000000    
  0.2060000000       11.66000000    
  0.2080000000       11.82800000    
  0.2100000000       11.90600000    
  0.2120000000       12.25600000    
  0.2140000000       12.17000000    
  0.2160000000       12.31800000    
  0.2180000000       12.21000000    
  0.2200000000       12.29200000    
  0.2220000000       12.39400000    
  0.2240000000       12.40800000    
  0.2260000000       12.67000000    
  0.2280000000       12.68200000    
  0.2300000000       13.03800000    
  0.2320000000       13.11000000    
  0.2340000000       13.47200000    
  0.2360000000       13.86200000    
  0.2380000000       14.32200000    
  0.2400000000       15.02800000    
  0.2420000000       15.60800000    
  0.2440000000       16.34700000    
  0.2460000000       16.68700000    
  0.2480000000       16.68300000    
  0.2500000000       16.53000000    
  0.2520000000       16.33600000    
  0.2540000000       16.34600000    
  0.2560000000       16.18200000    
  0.2580000000       16.02800000    
  0.2600000000       15.81800000    
  0.2620000000       15.28000000    
  0.2640000000       15.01200000    
  0.2660000000       14.37800000    
  0.2680000000       14.49600000    
  0.2700000000       13.85000000    
  0.2720000000       13.78200000    
  0.2740000000       13.26200000    
  0.2760000000       13.21800000    
  0.2780000000       12.85800000    
  0.2800000000       12.79000000    
  0.2820000000       12.40400000    
  0.2840000000       12.31400000    
  0.2860000000       12.02800000    
  0.2880000000       12.00400000    
  0.2900000000       11.96400000    
  0.2920000000       12.10000000    
  0.2940000000       12.27000000    
  0.2960000000       11.94600000    
  0.2980000000       11.58400000    
  0.3000000000       10.49600000    
  0.3020000000       9.114000000    
  0.3040000000       6.744000000    
  0.3060000000       4.566000000    
  0.3080000000       2.612000000    
  0.3100000000       1.320000000    
  0.3120000000      0.5060000000    
  0.3140000000      0.1400000000    
  0.3160000000      0.2800000000E-01
  0.3180000000      0.8000000000E-02
  0.3200000000       0.000000000    
  0.3220000000      0.1640000000    
  0.3240000000       1.402000000    
  0.3260000000       4.058000000    
  0.3280000000       8.606000000    
  0.3300000000       14.32000000    
  0.3320000000       22.28400000    
  0.3340000000       31.03200000    
  0.3360000000       39.09100000    
  0.3380000000       42.79833333    
  0.3400000000       44.08466667    
  0.3420000000       47.95733333    
  0.3440000000       54.61066667    
  0.3460000000       54.82900000    
  0.3480000000       47.17200000    
  0.3500000000       35.28133333    
  0.3520000000       28.14933333    
  0.3540000000       23.96533333    
  0.3560000000       21.22733333    
  0.3580000000       19.70933333    
  0.3600000000       18.51533333    
  0.3620000000       18.06133333    
  0.3640000000       18.39933333    
  0.3660000000       20.45066667    
  0.3680000000       23.84333333    
  0.3700000000       26.67866667    
  0.3720000000       28.57466667    
  0.3740000000       28.80466667    
  0.3760000000       28.32466667    
  0.3780000000       27.20466667    
  0.3800000000       26.23466667    
  0.3820000000       25.95666667    
  0.3840000000       25.94333333    
  0.3860000000       26.02666667    
  0.3880000000       25.67866667    
  0.3900000000       25.41866667    
  0.3920000000       25.00866667    
  0.3940000000       24.76466667    
  0.3960000000       24.44466667    
  0.3980000000       24.28466667    
  0.4000000000       24.11066667    
  0.4020000000       23.86866667    
  0.4040000000       23.69266667    
  0.4060000000       23.35266667    
  0.4080000000       23.15066667    
  0.4100000000       22.76666667    
  0.4120000000       22.69866667    
  0.4140000000       22.30266667    
  0.4160000000       22.18866667    
  0.4180000000       21.78866667    
  0.4200000000       21.75666667    
  0.4220000000       21.41466667    
  0.4240000000       21.13866667    
  0.4260000000       20.49866667    
  0.4280000000       20.32066667    
  0.4300000000       19.81866667    
  0.4320000000       20.01100000    
  0.4340000000       19.53766667    
  0.4360000000       19.37366667    
  0.4380000000       18.47066667    
  0.4400000000       17.61800000    
  0.4420000000       16.47866667    
  0.4440000000       15.66066667    
  0.4460000000       14.95066667    
  0.4480000000       14.72200000    
  0.4500000000       14.31466667    
  0.4520000000       13.96066667    
  0.4540000000       13.67466667    
  0.4560000000       13.14200000    
  0.4580000000       12.92466667    
  0.4600000000       12.44266667    
  0.4620000000       12.33666667    
  0.4640000000       11.98866667    
  0.4660000000       11.72266667    
  0.4680000000       11.41466667    
  0.4700000000       11.13000000    
  0.4720000000       10.86466667    
  0.4740000000       10.63266667    
  0.4760000000       10.49866667    
  0.4780000000       10.32233333    
  0.4800000000       10.17966667    
  0.4820000000       9.970333333    
  0.4840000000       9.908000000    
  0.4860000000       9.956666667    
  0.4880000000       10.27100000    
  0.4900000000       10.42233333    
  0.4920000000       10.30900000    
  0.4940000000       9.987333333    
  0.4960000000       9.998666667    
  0.4980000000       10.41200000    
     
