   0.000000000      -7.430631099    
   0.000000000       4.945849744    
     
  0.7700972896      -7.430631099    
  0.7700972896       4.945849744    
     
   1.155145934      -7.430631099    
   1.155145934       4.945849744    
     
   1.427416442      -7.430631099    
   1.427416442       4.945849744    
     
   2.244227966      -7.430631099    
   2.244227966       4.945849744    
     
   2.911151782      -7.430631099    
   2.911151782       4.945849744    
     
   3.382738135      -7.430631099    
   3.382738135       4.945849744    
     
   3.655008643      -7.430631099    
   3.655008643       4.945849744    
     
   4.199549658      -7.430631099    
   4.199549658       4.945849744    
     
   4.671136011      -7.430631099    
   4.671136011       4.945849744    
     
