 -0.5000000000       0.000000000    
 -0.4980000000       0.000000000    
 -0.4960000000       0.000000000    
 -0.4940000000       0.000000000    
 -0.4920000000       0.000000000    
 -0.4900000000       0.000000000    
 -0.4880000000       0.000000000    
 -0.4860000000       0.000000000    
 -0.4840000000       0.000000000    
 -0.4820000000       0.000000000    
 -0.4800000000       0.000000000    
 -0.4780000000       0.000000000    
 -0.4760000000       0.000000000    
 -0.4740000000       0.000000000    
 -0.4720000000       0.000000000    
 -0.4700000000       0.000000000    
 -0.4680000000       0.000000000    
 -0.4660000000       0.000000000    
 -0.4640000000       0.000000000    
 -0.4620000000       0.000000000    
 -0.4600000000       0.000000000    
 -0.4580000000       0.000000000    
 -0.4560000000       0.000000000    
 -0.4540000000       0.000000000    
 -0.4520000000       0.000000000    
 -0.4500000000       0.000000000    
 -0.4480000000       0.000000000    
 -0.4460000000       0.000000000    
 -0.4440000000       0.000000000    
 -0.4420000000       0.000000000    
 -0.4400000000       0.000000000    
 -0.4380000000       0.000000000    
 -0.4360000000       0.000000000    
 -0.4340000000       0.000000000    
 -0.4320000000       0.000000000    
 -0.4300000000       0.000000000    
 -0.4280000000       0.000000000    
 -0.4260000000       0.000000000    
 -0.4240000000       0.000000000    
 -0.4220000000       0.000000000    
 -0.4200000000       0.000000000    
 -0.4180000000       0.000000000    
 -0.4160000000       0.000000000    
 -0.4140000000       0.000000000    
 -0.4120000000       0.000000000    
 -0.4100000000       0.000000000    
 -0.4080000000       0.000000000    
 -0.4060000000       0.000000000    
 -0.4040000000       0.000000000    
 -0.4020000000       0.000000000    
 -0.4000000000       0.000000000    
 -0.3980000000       0.000000000    
 -0.3960000000       0.000000000    
 -0.3940000000       0.000000000    
 -0.3920000000       0.000000000    
 -0.3900000000       0.000000000    
 -0.3880000000       0.000000000    
 -0.3860000000       0.000000000    
 -0.3840000000       0.000000000    
 -0.3820000000       0.000000000    
 -0.3800000000       0.000000000    
 -0.3780000000       0.000000000    
 -0.3760000000       0.000000000    
 -0.3740000000       0.000000000    
 -0.3720000000       0.000000000    
 -0.3700000000       0.000000000    
 -0.3680000000       0.000000000    
 -0.3660000000       0.000000000    
 -0.3640000000       0.000000000    
 -0.3620000000       0.000000000    
 -0.3600000000       0.000000000    
 -0.3580000000       0.000000000    
 -0.3560000000       0.000000000    
 -0.3540000000       0.000000000    
 -0.3520000000       0.000000000    
 -0.3500000000       0.000000000    
 -0.3480000000       0.000000000    
 -0.3460000000       0.000000000    
 -0.3440000000       0.000000000    
 -0.3420000000       0.000000000    
 -0.3400000000       0.000000000    
 -0.3380000000       0.000000000    
 -0.3360000000       0.000000000    
 -0.3340000000       0.000000000    
 -0.3320000000       0.000000000    
 -0.3300000000       0.000000000    
 -0.3280000000       0.000000000    
 -0.3260000000       0.000000000    
 -0.3240000000       0.000000000    
 -0.3220000000       0.000000000    
 -0.3200000000       0.000000000    
 -0.3180000000       0.000000000    
 -0.3160000000       0.000000000    
 -0.3140000000       0.000000000    
 -0.3120000000       0.000000000    
 -0.3100000000       0.000000000    
 -0.3080000000       0.000000000    
 -0.3060000000       0.000000000    
 -0.3040000000       0.000000000    
 -0.3020000000       0.000000000    
 -0.3000000000       0.000000000    
 -0.2980000000      0.1000000000E-02
 -0.2960000000      0.5066666667E-01
 -0.2940000000      0.5508333333    
 -0.2920000000       1.531666667    
 -0.2900000000       2.498333333    
 -0.2880000000       3.347500000    
 -0.2860000000       4.065666667    
 -0.2840000000       5.177666667    
 -0.2820000000       6.152666667    
 -0.2800000000       6.912000000    
 -0.2780000000       7.479000000    
 -0.2760000000       8.182000000    
 -0.2740000000       9.196000000    
 -0.2720000000       10.29700000    
 -0.2700000000       11.61166667    
 -0.2680000000       13.14166667    
 -0.2660000000       15.13433333    
 -0.2640000000       18.14766667    
 -0.2620000000       21.91433333    
 -0.2600000000       25.61266667    
 -0.2580000000       30.38133333    
 -0.2560000000       39.44716667    
 -0.2540000000       42.10483333    
 -0.2520000000       39.88116667    
 -0.2500000000       30.03933333    
 -0.2480000000       23.99766667    
 -0.2460000000       18.54833333    
 -0.2440000000       14.00066667    
 -0.2420000000       10.48733333    
 -0.2400000000       8.042333333    
 -0.2380000000       6.169333333    
 -0.2360000000       4.843333333    
 -0.2340000000       4.034666667    
 -0.2320000000       3.590333333    
 -0.2300000000       3.445666667    
 -0.2280000000       3.598333333    
 -0.2260000000       4.883666667    
 -0.2240000000       8.421333333    
 -0.2220000000       13.33666667    
 -0.2200000000       17.20133333    
 -0.2180000000       18.38466667    
 -0.2160000000       18.10933333    
 -0.2140000000       18.07566667    
 -0.2120000000       18.72733333    
 -0.2100000000       19.36366667    
 -0.2080000000       19.95433333    
 -0.2060000000       20.25733333    
 -0.2040000000       20.62233333    
 -0.2020000000       21.18133333    
 -0.2000000000       22.62233333    
 -0.1980000000       24.72933333    
 -0.1960000000       27.66616667    
 -0.1940000000       31.23600000    
 -0.1920000000       41.85666667    
 -0.1900000000       64.48050000    
 -0.1880000000       73.70500000    
 -0.1860000000       71.48400000    
 -0.1840000000       53.45100000    
 -0.1820000000       45.83333333    
 -0.1800000000       40.54366667    
 -0.1780000000       37.01283333    
 -0.1760000000       34.36683333    
 -0.1740000000       32.02883333    
 -0.1720000000       29.60100000    
 -0.1700000000       27.15250000    
 -0.1680000000       23.95483333    
 -0.1660000000       20.47283333    
 -0.1640000000       16.91166667    
 -0.1620000000       14.23300000    
 -0.1600000000       12.41433333    
 -0.1580000000       10.97300000    
 -0.1560000000       10.03333333    
 -0.1540000000       9.047333333    
 -0.1520000000       8.117333333    
 -0.1500000000       7.121666667    
 -0.1480000000       6.231166667    
 -0.1460000000       5.451833333    
 -0.1440000000       4.824833333    
 -0.1420000000       4.357666667    
 -0.1400000000       3.924333333    
 -0.1380000000       3.415000000    
 -0.1360000000       2.764000000    
 -0.1340000000       2.073666667    
 -0.1320000000       1.649833333    
 -0.1300000000       1.181333333    
 -0.1280000000      0.7130000000    
 -0.1260000000      0.2145000000    
 -0.1240000000      0.1433333333E-01
 -0.1220000000       0.000000000    
 -0.1200000000       0.000000000    
 -0.1180000000       0.000000000    
 -0.1160000000       0.000000000    
 -0.1140000000       0.000000000    
 -0.1120000000       0.000000000    
 -0.1100000000       0.000000000    
 -0.1080000000       0.000000000    
 -0.1060000000       0.000000000    
 -0.1040000000       0.000000000    
 -0.1020000000       0.000000000    
 -0.1000000000       0.000000000    
 -0.9800000000E-01   0.000000000    
 -0.9600000000E-01   0.000000000    
 -0.9400000000E-01   0.000000000    
 -0.9200000000E-01   0.000000000    
 -0.9000000000E-01   0.000000000    
 -0.8800000000E-01   0.000000000    
 -0.8600000000E-01   0.000000000    
 -0.8400000000E-01   0.000000000    
 -0.8200000000E-01   0.000000000    
 -0.8000000000E-01   0.000000000    
 -0.7800000000E-01   0.000000000    
 -0.7600000000E-01  0.1300000000E-01
 -0.7400000000E-01  0.1110000000    
 -0.7200000000E-01  0.3800000000    
 -0.7000000000E-01  0.9465000000    
 -0.6800000000E-01   1.533500000    
 -0.6600000000E-01   2.207500000    
 -0.6400000000E-01   2.720000000    
 -0.6200000000E-01   3.164000000    
 -0.6000000000E-01   3.437000000    
 -0.5800000000E-01   3.754000000    
 -0.5600000000E-01   4.306000000    
 -0.5400000000E-01   4.990000000    
 -0.5200000000E-01   5.634000000    
 -0.5000000000E-01   6.126000000    
 -0.4800000000E-01   6.532000000    
 -0.4600000000E-01   7.024000000    
 -0.4400000000E-01   7.596000000    
 -0.4200000000E-01   8.328000000    
 -0.4000000000E-01   9.060000000    
 -0.3800000000E-01   9.899000000    
 -0.3600000000E-01   10.72800000    
 -0.3400000000E-01   11.59600000    
 -0.3200000000E-01   12.54300000    
 -0.3000000000E-01   14.24983333    
 -0.2800000000E-01   16.79683333    
 -0.2600000000E-01   18.56716667    
 -0.2400000000E-01   19.61250000    
 -0.2200000000E-01   20.16466667    
 -0.2000000000E-01   21.30000000    
 -0.1800000000E-01   22.43816667    
 -0.1600000000E-01   23.76900000    
 -0.1400000000E-01   25.82366667    
 -0.1200000000E-01   28.64800000    
 -0.1000000000E-01   30.68666667    
 -0.8000000000E-02   31.89033333    
 -0.6000000000E-02   32.28766667    
 -0.4000000000E-02   33.02233333    
 -0.2000000000E-02   33.65700000    
   0.000000000       33.27066667    
  0.2000000000E-02   31.58466667    
  0.4000000000E-02   30.23266667    
  0.6000000000E-02   32.86666667    
  0.8000000000E-02   43.30350000    
  0.1000000000E-01   62.33483333    
  0.1200000000E-01   81.58383333    
  0.1400000000E-01   88.58250000    
  0.1600000000E-01   88.09150000    
  0.1800000000E-01   91.96283333    
  0.2000000000E-01   100.2766667    
  0.2200000000E-01   103.9980000    
  0.2400000000E-01   103.2095000    
  0.2600000000E-01   88.02066667    
  0.2800000000E-01   60.60233333    
  0.3000000000E-01   31.21433333    
  0.3200000000E-01   17.23283333    
  0.3400000000E-01   19.59416667    
  0.3600000000E-01   22.06133333    
  0.3800000000E-01   26.63433333    
  0.4000000000E-01   33.08166667    
  0.4200000000E-01   39.36683333    
  0.4400000000E-01   44.28516667    
  0.4600000000E-01   46.74633333    
  0.4800000000E-01   44.59083333    
  0.5000000000E-01   40.05116667    
  0.5200000000E-01   34.42766667    
  0.5400000000E-01   31.10233333    
  0.5600000000E-01   29.13400000    
  0.5800000000E-01   27.54566667    
  0.6000000000E-01   26.78900000    
  0.6200000000E-01   26.15333333    
  0.6400000000E-01   26.18933333    
  0.6600000000E-01   26.78700000    
  0.6800000000E-01   27.33133333    
  0.7000000000E-01   27.33300000    
  0.7200000000E-01   26.61833333    
  0.7400000000E-01   25.97700000    
  0.7600000000E-01   25.61066667    
  0.7800000000E-01   25.38733333    
  0.8000000000E-01   24.98366667    
  0.8200000000E-01   24.32466667    
  0.8400000000E-01   23.70066667    
  0.8600000000E-01   23.31600000    
  0.8800000000E-01   22.93366667    
  0.9000000000E-01   22.40000000    
  0.9200000000E-01   22.31866667    
  0.9400000000E-01   22.92433333    
  0.9600000000E-01   19.50833333    
  0.9800000000E-01   13.48666667    
  0.1000000000       5.705000000    
  0.1020000000       2.215000000    
  0.1040000000      0.9533333333    
  0.1060000000      0.9263333333    
  0.1080000000       1.026333333    
  0.1100000000       1.002333333    
  0.1120000000       1.102333333    
  0.1140000000       1.080333333    
  0.1160000000       1.194333333    
  0.1180000000       1.185333333    
  0.1200000000       1.297333333    
  0.1220000000       1.312000000    
  0.1240000000       1.398666667    
  0.1260000000       1.422333333    
  0.1280000000       1.472666667    
  0.1300000000       1.537333333    
  0.1320000000       1.554333333    
  0.1340000000       1.656333333    
  0.1360000000       1.704000000    
  0.1380000000       1.820333333    
  0.1400000000       1.845333333    
  0.1420000000       1.956333333    
  0.1440000000       1.971000000    
  0.1460000000       2.130333333    
  0.1480000000       2.109333333    
  0.1500000000       2.308333333    
  0.1520000000       2.235333333    
  0.1540000000       2.487666667    
  0.1560000000       2.414000000    
  0.1580000000       2.759333333    
  0.1600000000       2.721000000    
  0.1620000000       3.087000000    
  0.1640000000       3.070333333    
  0.1660000000       3.376333333    
  0.1680000000       3.589000000    
  0.1700000000       3.980000000    
  0.1720000000       4.366666667    
  0.1740000000       4.753833333    
  0.1760000000       4.981833333    
  0.1780000000       5.055500000    
  0.1800000000       5.007833333    
  0.1820000000       5.010833333    
  0.1840000000       5.089500000    
  0.1860000000       5.047000000    
  0.1880000000       5.198000000    
  0.1900000000       5.229000000    
  0.1920000000       5.384000000    
  0.1940000000       5.399000000    
  0.1960000000       5.527000000    
  0.1980000000       5.581000000    
  0.2000000000       5.727000000    
  0.2020000000       5.717000000    
  0.2040000000       5.779000000    
  0.2060000000       5.787000000    
  0.2080000000       5.856000000    
  0.2100000000       5.860000000    
  0.2120000000       5.828000000    
  0.2140000000       5.875000000    
  0.2160000000       5.926000000    
  0.2180000000       6.025000000    
  0.2200000000       6.014000000    
  0.2220000000       6.087000000    
  0.2240000000       6.173000000    
  0.2260000000       6.264000000    
  0.2280000000       6.428000000    
  0.2300000000       6.484000000    
  0.2320000000       6.671000000    
  0.2340000000       6.739000000    
  0.2360000000       6.978000000    
  0.2380000000       7.465000000    
  0.2400000000       7.955000000    
  0.2420000000       8.565500000    
  0.2440000000       8.694500000    
  0.2460000000       8.705500000    
  0.2480000000       8.559000000    
  0.2500000000       8.458000000    
  0.2520000000       8.411000000    
  0.2540000000       8.268000000    
  0.2560000000       8.198000000    
  0.2580000000       8.116000000    
  0.2600000000       7.920000000    
  0.2620000000       7.622000000    
  0.2640000000       7.356000000    
  0.2660000000       7.088000000    
  0.2680000000       6.977000000    
  0.2700000000       6.726000000    
  0.2720000000       6.639000000    
  0.2740000000       6.468000000    
  0.2760000000       6.351000000    
  0.2780000000       6.172000000    
  0.2800000000       6.023000000    
  0.2820000000       5.950000000    
  0.2840000000       5.876000000    
  0.2860000000       5.754000000    
  0.2880000000       5.861000000    
  0.2900000000       5.810000000    
  0.2920000000       5.763000000    
  0.2940000000       5.313000000    
  0.2960000000       4.947000000    
  0.2980000000       4.416000000    
  0.3000000000       3.932000000    
  0.3020000000       3.184000000    
  0.3040000000       2.551000000    
  0.3060000000       1.946000000    
  0.3080000000       1.510000000    
  0.3100000000       1.092000000    
  0.3120000000      0.6970000000    
  0.3140000000      0.3890000000    
  0.3160000000      0.1550000000    
  0.3180000000      0.4400000000E-01
  0.3200000000      0.1000000000E-01
  0.3220000000      0.2000000000E-02
  0.3240000000      0.6000000000E-02
  0.3260000000      0.2570000000    
  0.3280000000       1.804000000    
  0.3300000000       5.001000000    
  0.3320000000       9.738000000    
  0.3340000000       15.65400000    
  0.3360000000       20.61600000    
  0.3380000000       25.89500000    
  0.3400000000       32.07850000    
  0.3420000000       34.03200000    
  0.3440000000       31.61866667    
  0.3460000000       24.30566667    
  0.3480000000       19.26950000    
  0.3500000000       15.91550000    
  0.3520000000       13.69833333    
  0.3540000000       12.32633333    
  0.3560000000       11.50700000    
  0.3580000000       11.20866667    
  0.3600000000       11.97566667    
  0.3620000000       13.63366667    
  0.3640000000       15.15166667    
  0.3660000000       16.18366667    
  0.3680000000       16.03133333    
  0.3700000000       15.55866667    
  0.3720000000       14.84033333    
  0.3740000000       14.25966667    
  0.3760000000       14.15833333    
  0.3780000000       13.99633333    
  0.3800000000       13.95833333    
  0.3820000000       13.68633333    
  0.3840000000       13.51866667    
  0.3860000000       13.38933333    
  0.3880000000       13.19933333    
  0.3900000000       13.02233333    
  0.3920000000       12.79133333    
  0.3940000000       12.69866667    
  0.3960000000       12.53133333    
  0.3980000000       12.44733333    
  0.4000000000       12.27633333    
  0.4020000000       12.15433333    
  0.4040000000       11.93533333    
  0.4060000000       11.80733333    
  0.4080000000       11.66133333    
  0.4100000000       11.57966667    
  0.4120000000       11.35633333    
  0.4140000000       11.30233333    
  0.4160000000       11.07533333    
  0.4180000000       10.85433333    
  0.4200000000       10.61933333    
  0.4220000000       10.42200000    
  0.4240000000       10.50283333    
  0.4260000000       10.20283333    
  0.4280000000       10.11983333    
  0.4300000000       9.409333333    
  0.4320000000       8.902333333    
  0.4340000000       8.129333333    
  0.4360000000       7.913000000    
  0.4380000000       7.618333333    
  0.4400000000       7.495333333    
  0.4420000000       7.192333333    
  0.4440000000       7.023333333    
  0.4460000000       6.802333333    
  0.4480000000       6.600333333    
  0.4500000000       6.423333333    
  0.4520000000       6.220333333    
  0.4540000000       6.111333333    
  0.4560000000       5.955000000    
  0.4580000000       5.855333333    
  0.4600000000       5.736333333    
  0.4620000000       5.598333333    
  0.4640000000       5.538333333    
  0.4660000000       5.347333333    
  0.4680000000       5.176833333    
  0.4700000000       4.964500000    
  0.4720000000       4.813166667    
  0.4740000000       4.821666667    
  0.4760000000       4.810000000    
  0.4780000000       5.008166667    
  0.4800000000       4.849166667    
  0.4820000000       4.667166667    
  0.4840000000       4.441000000    
  0.4860000000       4.375333333    
  0.4880000000       4.458333333    
  0.4900000000       4.502000000    
  0.4920000000       4.695000000    
  0.4940000000       4.996666667    
  0.4960000000       5.490666667    
  0.4980000000       6.157000000    
     
 -0.5000000000       0.000000000    
 -0.4980000000       0.000000000    
 -0.4960000000       0.000000000    
 -0.4940000000       0.000000000    
 -0.4920000000       0.000000000    
 -0.4900000000       0.000000000    
 -0.4880000000       0.000000000    
 -0.4860000000       0.000000000    
 -0.4840000000       0.000000000    
 -0.4820000000       0.000000000    
 -0.4800000000       0.000000000    
 -0.4780000000       0.000000000    
 -0.4760000000       0.000000000    
 -0.4740000000       0.000000000    
 -0.4720000000       0.000000000    
 -0.4700000000       0.000000000    
 -0.4680000000       0.000000000    
 -0.4660000000       0.000000000    
 -0.4640000000       0.000000000    
 -0.4620000000       0.000000000    
 -0.4600000000       0.000000000    
 -0.4580000000       0.000000000    
 -0.4560000000       0.000000000    
 -0.4540000000       0.000000000    
 -0.4520000000       0.000000000    
 -0.4500000000       0.000000000    
 -0.4480000000       0.000000000    
 -0.4460000000       0.000000000    
 -0.4440000000       0.000000000    
 -0.4420000000       0.000000000    
 -0.4400000000       0.000000000    
 -0.4380000000       0.000000000    
 -0.4360000000       0.000000000    
 -0.4340000000       0.000000000    
 -0.4320000000       0.000000000    
 -0.4300000000       0.000000000    
 -0.4280000000       0.000000000    
 -0.4260000000       0.000000000    
 -0.4240000000       0.000000000    
 -0.4220000000       0.000000000    
 -0.4200000000       0.000000000    
 -0.4180000000       0.000000000    
 -0.4160000000       0.000000000    
 -0.4140000000       0.000000000    
 -0.4120000000       0.000000000    
 -0.4100000000       0.000000000    
 -0.4080000000       0.000000000    
 -0.4060000000       0.000000000    
 -0.4040000000       0.000000000    
 -0.4020000000       0.000000000    
 -0.4000000000       0.000000000    
 -0.3980000000       0.000000000    
 -0.3960000000       0.000000000    
 -0.3940000000       0.000000000    
 -0.3920000000       0.000000000    
 -0.3900000000       0.000000000    
 -0.3880000000       0.000000000    
 -0.3860000000       0.000000000    
 -0.3840000000       0.000000000    
 -0.3820000000       0.000000000    
 -0.3800000000       0.000000000    
 -0.3780000000       0.000000000    
 -0.3760000000       0.000000000    
 -0.3740000000       0.000000000    
 -0.3720000000       0.000000000    
 -0.3700000000       0.000000000    
 -0.3680000000       0.000000000    
 -0.3660000000       0.000000000    
 -0.3640000000       0.000000000    
 -0.3620000000       0.000000000    
 -0.3600000000       0.000000000    
 -0.3580000000       0.000000000    
 -0.3560000000       0.000000000    
 -0.3540000000       0.000000000    
 -0.3520000000       0.000000000    
 -0.3500000000       0.000000000    
 -0.3480000000       0.000000000    
 -0.3460000000       0.000000000    
 -0.3440000000       0.000000000    
 -0.3420000000       0.000000000    
 -0.3400000000       0.000000000    
 -0.3380000000       0.000000000    
 -0.3360000000       0.000000000    
 -0.3340000000       0.000000000    
 -0.3320000000       0.000000000    
 -0.3300000000       0.000000000    
 -0.3280000000       0.000000000    
 -0.3260000000       0.000000000    
 -0.3240000000     -0.6000000000E-02
 -0.3220000000     -0.1130000000    
 -0.3200000000     -0.8736666667    
 -0.3180000000      -1.859666667    
 -0.3160000000      -2.896000000    
 -0.3140000000      -3.624666667    
 -0.3120000000      -4.570000000    
 -0.3100000000      -5.770000000    
 -0.3080000000      -6.703000000    
 -0.3060000000      -7.439000000    
 -0.3040000000      -8.149000000    
 -0.3020000000      -9.132000000    
 -0.3000000000      -10.30400000    
 -0.2980000000      -11.78966667    
 -0.2960000000      -13.60966667    
 -0.2940000000      -16.30833333    
 -0.2920000000      -19.51066667    
 -0.2900000000      -22.64333333    
 -0.2880000000      -24.68266667    
 -0.2860000000      -26.16833333    
 -0.2840000000      -28.17066667    
 -0.2820000000      -31.75833333    
 -0.2800000000      -32.07466667    
 -0.2780000000      -30.28833333    
 -0.2760000000      -26.99716667    
 -0.2740000000      -25.99383333    
 -0.2720000000      -23.62816667    
 -0.2700000000      -19.31733333    
 -0.2680000000      -14.07466667    
 -0.2660000000      -9.889333333    
 -0.2640000000      -6.869333333    
 -0.2620000000      -4.745333333    
 -0.2600000000      -3.732333333    
 -0.2580000000      -3.237666667    
 -0.2560000000      -3.923666667    
 -0.2540000000      -7.055000000    
 -0.2520000000      -15.34766667    
 -0.2500000000      -26.75866667    
 -0.2480000000      -39.90433333    
 -0.2460000000      -46.19783333    
 -0.2440000000      -46.79100000    
 -0.2420000000      -44.60666667    
 -0.2400000000      -49.58116667    
 -0.2380000000      -62.69800000    
 -0.2360000000      -67.38000000    
 -0.2340000000      -63.09466667    
 -0.2320000000      -50.66700000    
 -0.2300000000      -44.00566667    
 -0.2280000000      -39.64733333    
 -0.2260000000      -36.14000000    
 -0.2240000000      -33.24533333    
 -0.2220000000      -30.87533333    
 -0.2200000000      -28.77233333    
 -0.2180000000      -27.18600000    
 -0.2160000000      -25.36633333    
 -0.2140000000      -24.19133333    
 -0.2120000000      -22.73966667    
 -0.2100000000      -21.84500000    
 -0.2080000000      -20.75766667    
 -0.2060000000      -19.77983333    
 -0.2040000000      -18.99216667    
 -0.2020000000      -17.77683333    
 -0.2000000000      -16.41766667    
 -0.1980000000      -15.03483333    
 -0.1960000000      -13.41716667    
 -0.1940000000      -11.42916667    
 -0.1920000000      -9.038666667    
 -0.1900000000      -7.135666667    
 -0.1880000000      -5.848666667    
 -0.1860000000      -4.910333333    
 -0.1840000000      -4.153000000    
 -0.1820000000      -3.722833333    
 -0.1800000000      -3.285500000    
 -0.1780000000      -2.869833333    
 -0.1760000000      -2.363000000    
 -0.1740000000      -1.932000000    
 -0.1720000000      -1.563666667    
 -0.1700000000      -1.238666667    
 -0.1680000000      -1.067000000    
 -0.1660000000      -1.280000000    
 -0.1640000000      -1.635666667    
 -0.1620000000      -2.578166667    
 -0.1600000000      -3.218500000    
 -0.1580000000      -4.227166667    
 -0.1560000000      -4.957000000    
 -0.1540000000      -6.117000000    
 -0.1520000000      -7.144000000    
 -0.1500000000      -8.363000000    
 -0.1480000000      -10.09400000    
 -0.1460000000      -12.04100000    
 -0.1440000000      -15.56216667    
 -0.1420000000      -19.19116667    
 -0.1400000000      -22.58016667    
 -0.1380000000      -24.69816667    
 -0.1360000000      -26.71816667    
 -0.1340000000      -29.27516667    
 -0.1320000000      -32.09933333    
 -0.1300000000      -35.74116667    
 -0.1280000000      -40.70216667    
 -0.1260000000      -46.53516667    
 -0.1240000000      -56.43900000    
 -0.1220000000      -67.41300000    
 -0.1200000000      -68.53883333    
 -0.1180000000      -62.26483333    
 -0.1160000000      -65.69316667    
 -0.1140000000      -97.18016667    
 -0.1120000000      -109.8361667    
 -0.1100000000      -97.55850000    
 -0.1080000000      -54.10283333    
 -0.1060000000      -30.05250000    
 -0.1040000000      -25.28316667    
 -0.1020000000      -50.47733333    
 -0.1000000000      -107.3033333    
 -0.9800000000E-01  -146.7915000    
 -0.9600000000E-01  -128.7261667    
 -0.9400000000E-01  -76.54050000    
 -0.9200000000E-01  -35.60900000    
 -0.9000000000E-01  -35.01800000    
 -0.8800000000E-01  -36.61533333    
 -0.8600000000E-01  -37.14266667    
 -0.8400000000E-01  -35.07133333    
 -0.8200000000E-01  -32.39566667    
 -0.8000000000E-01  -28.88366667    
 -0.7800000000E-01  -25.97666667    
 -0.7600000000E-01  -24.95966667    
 -0.7400000000E-01  -24.48933333    
 -0.7200000000E-01  -23.90266667    
 -0.7000000000E-01  -23.21066667    
 -0.6800000000E-01  -22.81100000    
 -0.6600000000E-01  -22.81766667    
 -0.6400000000E-01  -23.46800000    
 -0.6200000000E-01  -23.84266667    
 -0.6000000000E-01  -23.83300000    
 -0.5800000000E-01  -23.22000000    
 -0.5600000000E-01  -22.58100000    
 -0.5400000000E-01  -22.27400000    
 -0.5200000000E-01  -22.02233333    
 -0.5000000000E-01  -21.88700000    
 -0.4800000000E-01  -21.48666667    
 -0.4600000000E-01  -21.18766667    
 -0.4400000000E-01  -20.99966667    
 -0.4200000000E-01  -20.97400000    
 -0.4000000000E-01  -20.96000000    
 -0.3800000000E-01  -20.85200000    
 -0.3600000000E-01  -20.80166667    
 -0.3400000000E-01  -20.67500000    
 -0.3200000000E-01  -20.34966667    
 -0.3000000000E-01  -19.93666667    
 -0.2800000000E-01  -19.50616667    
 -0.2600000000E-01  -19.69433333    
 -0.2400000000E-01  -20.05766667    
 -0.2200000000E-01  -18.64916667    
 -0.2000000000E-01  -13.50933333    
 -0.1800000000E-01  -7.799000000    
 -0.1600000000E-01  -2.766333333    
 -0.1400000000E-01  -1.119666667    
 -0.1200000000E-01 -0.6666666667E-03
 -0.1000000000E-01   0.000000000    
 -0.8000000000E-02   0.000000000    
 -0.6000000000E-02   0.000000000    
 -0.4000000000E-02   0.000000000    
 -0.2000000000E-02   0.000000000    
   0.000000000       0.000000000    
  0.2000000000E-02   0.000000000    
  0.4000000000E-02 -0.3333333333E-03
  0.6000000000E-02 -0.1333333333E-02
  0.8000000000E-02 -0.4333333333E-02
  0.1000000000E-01 -0.1333333333E-01
  0.1200000000E-01 -0.2933333333E-01
  0.1400000000E-01 -0.5600000000E-01
  0.1600000000E-01 -0.1000000000    
  0.1800000000E-01 -0.1825000000    
  0.2000000000E-01 -0.2488333333    
  0.2200000000E-01 -0.2788333333    
  0.2400000000E-01 -0.2563333333    
  0.2600000000E-01 -0.2523333333    
  0.2800000000E-01 -0.2513333333    
  0.3000000000E-01 -0.2973333333    
  0.3200000000E-01 -0.3013333333    
  0.3400000000E-01 -0.3573333333    
  0.3600000000E-01 -0.3603333333    
  0.3800000000E-01 -0.4123333333    
  0.4000000000E-01 -0.4503333333    
  0.4200000000E-01 -0.4843333333    
  0.4400000000E-01 -0.5356666667    
  0.4600000000E-01 -0.5500000000    
  0.4800000000E-01 -0.6506666667    
  0.5000000000E-01 -0.6343333333    
  0.5200000000E-01 -0.6906666667    
  0.5400000000E-01 -0.6340000000    
  0.5600000000E-01 -0.7163333333    
  0.5800000000E-01 -0.6813333333    
  0.6000000000E-01 -0.7723333333    
  0.6200000000E-01 -0.7510000000    
  0.6400000000E-01 -0.8183333333    
  0.6600000000E-01 -0.7993333333    
  0.6800000000E-01 -0.8873333333    
  0.7000000000E-01 -0.8900000000    
  0.7200000000E-01 -0.9543333333    
  0.7400000000E-01 -0.9433333333    
  0.7600000000E-01  -1.030333333    
  0.7800000000E-01  -1.046000000    
  0.8000000000E-01  -1.117333333    
  0.8200000000E-01  -1.140333333    
  0.8400000000E-01  -1.206666667    
  0.8600000000E-01  -1.233333333    
  0.8800000000E-01  -1.282333333    
  0.9000000000E-01  -1.344333333    
  0.9200000000E-01  -1.376666667    
  0.9400000000E-01  -1.479666667    
  0.9600000000E-01  -1.491333333    
  0.9800000000E-01  -1.599000000    
  0.1000000000      -1.559000000    
  0.1020000000      -1.689000000    
  0.1040000000      -1.661333333    
  0.1060000000      -1.792333333    
  0.1080000000      -1.766333333    
  0.1100000000      -1.890000000    
  0.1120000000      -1.956333333    
  0.1140000000      -2.013333333    
  0.1160000000      -2.124333333    
  0.1180000000      -2.134333333    
  0.1200000000      -2.291333333    
  0.1220000000      -2.305333333    
  0.1240000000      -2.444333333    
  0.1260000000      -2.478333333    
  0.1280000000      -2.643666667    
  0.1300000000      -2.673666667    
  0.1320000000      -2.852333333    
  0.1340000000      -2.967666667    
  0.1360000000      -3.114333333    
  0.1380000000      -3.231000000    
  0.1400000000      -3.269333333    
  0.1420000000      -3.503333333    
  0.1440000000      -3.640666667    
  0.1460000000      -3.920666667    
  0.1480000000      -4.089333333    
  0.1500000000      -4.401000000    
  0.1520000000      -4.679666667    
  0.1540000000      -5.133833333    
  0.1560000000      -5.442500000    
  0.1580000000      -5.591166667    
  0.1600000000      -5.545833333    
  0.1620000000      -5.497833333    
  0.1640000000      -5.611500000    
  0.1660000000      -5.631000000    
  0.1680000000      -5.820000000    
  0.1700000000      -5.879000000    
  0.1720000000      -6.048000000    
  0.1740000000      -6.084000000    
  0.1760000000      -6.200000000    
  0.1780000000      -6.285000000    
  0.1800000000      -6.359000000    
  0.1820000000      -6.445000000    
  0.1840000000      -6.477000000    
  0.1860000000      -6.547000000    
  0.1880000000      -6.634000000    
  0.1900000000      -6.772000000    
  0.1920000000      -7.019000000    
  0.1940000000      -7.698000000    
  0.1960000000      -8.538500000    
  0.1980000000      -9.087500000    
  0.2000000000      -9.000500000    
  0.2020000000      -8.737000000    
  0.2040000000      -8.625000000    
  0.2060000000      -8.587000000    
  0.2080000000      -8.605000000    
  0.2100000000      -8.534000000    
  0.2120000000      -8.527000000    
  0.2140000000      -8.509000000    
  0.2160000000      -8.435000000    
  0.2180000000      -8.356000000    
  0.2200000000      -8.183000000    
  0.2220000000      -8.082000000    
  0.2240000000      -7.945000000    
  0.2260000000      -7.928000000    
  0.2280000000      -7.725000000    
  0.2300000000      -7.659000000    
  0.2320000000      -7.461000000    
  0.2340000000      -7.327000000    
  0.2360000000      -7.214000000    
  0.2380000000      -6.999000000    
  0.2400000000      -6.918000000    
  0.2420000000      -6.793000000    
  0.2440000000      -6.636000000    
  0.2460000000      -6.592000000    
  0.2480000000      -6.477000000    
  0.2500000000      -6.487000000    
  0.2520000000      -6.283000000    
  0.2540000000      -6.184000000    
  0.2560000000      -6.095000000    
  0.2580000000      -6.083000000    
  0.2600000000      -5.889000000    
  0.2620000000      -5.402000000    
  0.2640000000      -4.572000000    
  0.2660000000      -3.227000000    
  0.2680000000      -1.860000000    
  0.2700000000     -0.7540000000    
  0.2720000000     -0.2180000000    
  0.2740000000     -0.5200000000E-01
  0.2760000000     -0.6000000000E-02
  0.2780000000       0.000000000    
  0.2800000000       0.000000000    
  0.2820000000       0.000000000    
  0.2840000000     -0.1290000000    
  0.2860000000     -0.6470000000    
  0.2880000000      -1.632000000    
  0.2900000000      -3.060000000    
  0.2920000000      -4.814000000    
  0.2940000000      -7.150000000    
  0.2960000000      -10.45200000    
  0.2980000000      -13.85200000    
  0.3000000000      -16.69900000    
  0.3020000000      -18.60000000    
  0.3040000000      -19.41150000    
  0.3060000000      -19.66716667    
  0.3080000000      -19.27733333    
  0.3100000000      -18.86450000    
  0.3120000000      -18.75316667    
  0.3140000000      -18.78733333    
  0.3160000000      -19.15700000    
  0.3180000000      -21.65750000    
  0.3200000000      -20.06816667    
  0.3220000000      -17.48116667    
  0.3240000000      -12.07066667    
  0.3260000000      -10.23466667    
  0.3280000000      -9.531666667    
  0.3300000000      -9.730333333    
  0.3320000000      -11.29566667    
  0.3340000000      -13.58533333    
  0.3360000000      -15.55966667    
  0.3380000000      -16.51533333    
  0.3400000000      -16.10433333    
  0.3420000000      -15.46733333    
  0.3440000000      -14.94733333    
  0.3460000000      -14.95166667    
  0.3480000000      -14.81533333    
  0.3500000000      -14.64733333    
  0.3520000000      -14.37733333    
  0.3540000000      -14.23933333    
  0.3560000000      -13.99833333    
  0.3580000000      -13.73133333    
  0.3600000000      -13.52733333    
  0.3620000000      -13.33966667    
  0.3640000000      -13.17233333    
  0.3660000000      -13.00033333    
  0.3680000000      -12.80233333    
  0.3700000000      -12.55733333    
  0.3720000000      -12.39233333    
  0.3740000000      -12.22433333    
  0.3760000000      -12.07333333    
  0.3780000000      -11.86533333    
  0.3800000000      -11.71433333    
  0.3820000000      -11.51533333    
  0.3840000000      -11.27883333    
  0.3860000000      -10.94683333    
  0.3880000000      -10.68383333    
  0.3900000000      -10.16233333    
  0.3920000000      -9.571000000    
  0.3940000000      -8.926333333    
  0.3960000000      -8.473333333    
  0.3980000000      -8.261333333    
  0.4000000000      -7.949000000    
  0.4020000000      -7.774333333    
  0.4040000000      -7.490333333    
  0.4060000000      -7.382333333    
  0.4080000000      -7.160333333    
  0.4100000000      -6.945333333    
  0.4120000000      -6.739333333    
  0.4140000000      -6.555000000    
  0.4160000000      -6.432333333    
  0.4180000000      -6.272333333    
  0.4200000000      -6.064333333    
  0.4220000000      -5.986000000    
  0.4240000000      -5.795333333    
  0.4260000000      -5.676333333    
  0.4280000000      -5.560333333    
  0.4300000000      -5.423333333    
  0.4320000000      -5.406333333    
  0.4340000000      -5.197333333    
  0.4360000000      -5.149166667    
  0.4380000000      -5.015833333    
  0.4400000000      -4.895166667    
  0.4420000000      -4.878000000    
  0.4440000000      -4.845333333    
  0.4460000000      -4.985166667    
  0.4480000000      -4.974166667    
  0.4500000000      -4.947500000    
  0.4520000000      -4.718666667    
  0.4540000000      -4.687000000    
  0.4560000000      -4.729333333    
  0.4580000000      -4.867333333    
  0.4600000000      -5.034000000    
  0.4620000000      -5.236000000    
  0.4640000000      -5.545333333    
  0.4660000000      -6.212166667    
  0.4680000000      -7.300000000    
  0.4700000000      -8.364000000    
  0.4720000000      -9.277166667    
  0.4740000000      -10.16400000    
  0.4760000000      -11.62066667    
  0.4780000000      -13.63700000    
  0.4800000000      -16.27366667    
  0.4820000000      -18.14200000    
  0.4840000000      -19.22266667    
  0.4860000000      -19.30800000    
  0.4880000000      -19.52500000    
  0.4900000000      -19.98166667    
  0.4920000000      -20.47400000    
  0.4940000000      -20.59066667    
  0.4960000000      -20.10000000    
  0.4980000000      -19.24200000    
     
